2019-06-08 04:26:26.798  INFO 79270 --- [restartedMain] cn.xuling.demo.DemoApplication           : Starting DemoApplication on xulingdeMacBook-Pro.local with PID 79270 (/Users/xuling/Workspace/StudyJava/out/production/classes started by xuling in /Users/xuling/Workspace/StudyJava)
2019-06-08 04:26:26.799  INFO 79270 --- [restartedMain] cn.xuling.demo.DemoApplication           : No active profile set, falling back to default profiles: default
2019-06-08 04:26:27.687  INFO 79270 --- [restartedMain] trationDelegate$BeanPostProcessorChecker : Bean 'org.springframework.transaction.annotation.ProxyTransactionManagementConfiguration' of type [org.springframework.transaction.annotation.ProxyTransactionManagementConfiguration$$EnhancerBySpringCGLIB$$64661f21] is not eligible for getting processed by all BeanPostProcessors (for example: not eligible for auto-proxying)
2019-06-08 04:26:27.804  INFO 79270 --- [restartedMain] o.s.b.w.embedded.tomcat.TomcatWebServer  : Tomcat initialized with port(s): 8000 (http)
2019-06-08 04:26:27.806  INFO 79270 --- [restartedMain] o.apache.catalina.core.StandardService   : Starting service [Tomcat]
2019-06-08 04:26:27.806  INFO 79270 --- [restartedMain] org.apache.catalina.core.StandardEngine  : Starting Servlet engine: [Apache Tomcat/9.0.19]
2019-06-08 04:26:27.828  INFO 79270 --- [restartedMain] o.a.c.c.C.[Tomcat].[localhost].[/]       : Initializing Spring embedded WebApplicationContext
2019-06-08 04:26:27.828  INFO 79270 --- [restartedMain] o.s.web.context.ContextLoader            : Root WebApplicationContext: initialization completed in 1026 ms
2019-06-08 04:26:28.157  WARN 79270 --- [restartedMain] ConfigServletWebServerApplicationContext : Exception encountered during context initialization - cancelling refresh attempt: org.springframework.beans.factory.UnsatisfiedDependencyException: Error creating bean with name 'documentationPluginsBootstrapper' defined in URL [jar:file:/Users/xuling/.gradle/caches/modules-2/files-2.1/io.springfox/springfox-spring-web/2.9.2/ed2ed714a6cba8804d00f80f0534901e4c7a3211/springfox-spring-web-2.9.2.jar!/springfox/documentation/spring/web/plugins/DocumentationPluginsBootstrapper.class]: Unsatisfied dependency expressed through constructor parameter 1; nested exception is org.springframework.beans.factory.UnsatisfiedDependencyException: Error creating bean with name 'webMvcRequestHandlerProvider' defined in URL [jar:file:/Users/xuling/.gradle/caches/modules-2/files-2.1/io.springfox/springfox-spring-web/2.9.2/ed2ed714a6cba8804d00f80f0534901e4c7a3211/springfox-spring-web-2.9.2.jar!/springfox/documentation/spring/web/plugins/WebMvcRequestHandlerProvider.class]: Unsatisfied dependency expressed through constructor parameter 1; nested exception is org.springframework.beans.factory.BeanCreationException: Error creating bean with name 'requestMappingHandlerMapping' defined in class path resource [org/springframework/boot/autoconfigure/web/servlet/WebMvcAutoConfiguration$EnableWebMvcConfiguration.class]: Invocation of init method failed; nested exception is java.lang.IllegalStateException: Ambiguous mapping. Cannot map 'testController' method 
public java.lang.String cn.xuling.demo.controller.TestController.test()
to { /test}: There is already 'helloController' bean method
public java.lang.String cn.xuling.demo.controller.HelloController.test() mapped.
2019-06-08 04:26:28.158  INFO 79270 --- [restartedMain] o.apache.catalina.core.StandardService   : Stopping service [Tomcat]
2019-06-08 04:26:28.166  INFO 79270 --- [restartedMain] ConditionEvaluationReportLoggingListener : 

Error starting ApplicationContext. To display the conditions report re-run your application with 'debug' enabled.
2019-06-08 04:26:28.187 ERROR 79270 --- [restartedMain] o.s.boot.SpringApplication               : Application run failed

org.springframework.beans.factory.UnsatisfiedDependencyException: Error creating bean with name 'documentationPluginsBootstrapper' defined in URL [jar:file:/Users/xuling/.gradle/caches/modules-2/files-2.1/io.springfox/springfox-spring-web/2.9.2/ed2ed714a6cba8804d00f80f0534901e4c7a3211/springfox-spring-web-2.9.2.jar!/springfox/documentation/spring/web/plugins/DocumentationPluginsBootstrapper.class]: Unsatisfied dependency expressed through constructor parameter 1; nested exception is org.springframework.beans.factory.UnsatisfiedDependencyException: Error creating bean with name 'webMvcRequestHandlerProvider' defined in URL [jar:file:/Users/xuling/.gradle/caches/modules-2/files-2.1/io.springfox/springfox-spring-web/2.9.2/ed2ed714a6cba8804d00f80f0534901e4c7a3211/springfox-spring-web-2.9.2.jar!/springfox/documentation/spring/web/plugins/WebMvcRequestHandlerProvider.class]: Unsatisfied dependency expressed through constructor parameter 1; nested exception is org.springframework.beans.factory.BeanCreationException: Error creating bean with name 'requestMappingHandlerMapping' defined in class path resource [org/springframework/boot/autoconfigure/web/servlet/WebMvcAutoConfiguration$EnableWebMvcConfiguration.class]: Invocation of init method failed; nested exception is java.lang.IllegalStateException: Ambiguous mapping. Cannot map 'testController' method 
public java.lang.String cn.xuling.demo.controller.TestController.test()
to { /test}: There is already 'helloController' bean method
public java.lang.String cn.xuling.demo.controller.HelloController.test() mapped.
	at org.springframework.beans.factory.support.ConstructorResolver.createArgumentArray(ConstructorResolver.java:769) ~[spring-beans-5.1.7.RELEASE.jar:5.1.7.RELEASE]
	at org.springframework.beans.factory.support.ConstructorResolver.autowireConstructor(ConstructorResolver.java:218) ~[spring-beans-5.1.7.RELEASE.jar:5.1.7.RELEASE]
	at org.springframework.beans.factory.support.AbstractAutowireCapableBeanFactory.autowireConstructor(AbstractAutowireCapableBeanFactory.java:1341) ~[spring-beans-5.1.7.RELEASE.jar:5.1.7.RELEASE]
	at org.springframework.beans.factory.support.AbstractAutowireCapableBeanFactory.createBeanInstance(AbstractAutowireCapableBeanFactory.java:1187) ~[spring-beans-5.1.7.RELEASE.jar:5.1.7.RELEASE]
	at org.springframework.beans.factory.support.AbstractAutowireCapableBeanFactory.doCreateBean(AbstractAutowireCapableBeanFactory.java:555) ~[spring-beans-5.1.7.RELEASE.jar:5.1.7.RELEASE]
	at org.springframework.beans.factory.support.AbstractAutowireCapableBeanFactory.createBean(AbstractAutowireCapableBeanFactory.java:515) ~[spring-beans-5.1.7.RELEASE.jar:5.1.7.RELEASE]
	at org.springframework.beans.factory.support.AbstractBeanFactory.lambda$doGetBean$0(AbstractBeanFactory.java:320) ~[spring-beans-5.1.7.RELEASE.jar:5.1.7.RELEASE]
	at org.springframework.beans.factory.support.DefaultSingletonBeanRegistry.getSingleton(DefaultSingletonBeanRegistry.java:222) ~[spring-beans-5.1.7.RELEASE.jar:5.1.7.RELEASE]
	at org.springframework.beans.factory.support.AbstractBeanFactory.doGetBean(AbstractBeanFactory.java:318) ~[spring-beans-5.1.7.RELEASE.jar:5.1.7.RELEASE]
	at org.springframework.beans.factory.support.AbstractBeanFactory.getBean(AbstractBeanFactory.java:199) ~[spring-beans-5.1.7.RELEASE.jar:5.1.7.RELEASE]
	at org.springframework.beans.factory.support.DefaultListableBeanFactory.preInstantiateSingletons(DefaultListableBeanFactory.java:843) ~[spring-beans-5.1.7.RELEASE.jar:5.1.7.RELEASE]
	at org.springframework.context.support.AbstractApplicationContext.finishBeanFactoryInitialization(AbstractApplicationContext.java:877) ~[spring-context-5.1.7.RELEASE.jar:5.1.7.RELEASE]
	at org.springframework.context.support.AbstractApplicationContext.refresh(AbstractApplicationContext.java:549) ~[spring-context-5.1.7.RELEASE.jar:5.1.7.RELEASE]
	at org.springframework.boot.web.servlet.context.ServletWebServerApplicationContext.refresh(ServletWebServerApplicationContext.java:142) ~[spring-boot-2.1.5.RELEASE.jar:2.1.5.RELEASE]
	at org.springframework.boot.SpringApplication.refresh(SpringApplication.java:775) [spring-boot-2.1.5.RELEASE.jar:2.1.5.RELEASE]
	at org.springframework.boot.SpringApplication.refreshContext(SpringApplication.java:397) [spring-boot-2.1.5.RELEASE.jar:2.1.5.RELEASE]
	at org.springframework.boot.SpringApplication.run(SpringApplication.java:316) [spring-boot-2.1.5.RELEASE.jar:2.1.5.RELEASE]
	at org.springframework.boot.SpringApplication.run(SpringApplication.java:1260) [spring-boot-2.1.5.RELEASE.jar:2.1.5.RELEASE]
	at org.springframework.boot.SpringApplication.run(SpringApplication.java:1248) [spring-boot-2.1.5.RELEASE.jar:2.1.5.RELEASE]
	at cn.xuling.demo.DemoApplication.main(DemoApplication.java:18) [classes/:na]
	at sun.reflect.NativeMethodAccessorImpl.invoke0(Native Method) ~[na:1.8.0_181]
	at sun.reflect.NativeMethodAccessorImpl.invoke(NativeMethodAccessorImpl.java:62) ~[na:1.8.0_181]
	at sun.reflect.DelegatingMethodAccessorImpl.invoke(DelegatingMethodAccessorImpl.java:43) ~[na:1.8.0_181]
	at java.lang.reflect.Method.invoke(Method.java:498) ~[na:1.8.0_181]
	at org.springframework.boot.devtools.restart.RestartLauncher.run(RestartLauncher.java:49) [spring-boot-devtools-2.1.5.RELEASE.jar:2.1.5.RELEASE]
Caused by: org.springframework.beans.factory.UnsatisfiedDependencyException: Error creating bean with name 'webMvcRequestHandlerProvider' defined in URL [jar:file:/Users/xuling/.gradle/caches/modules-2/files-2.1/io.springfox/springfox-spring-web/2.9.2/ed2ed714a6cba8804d00f80f0534901e4c7a3211/springfox-spring-web-2.9.2.jar!/springfox/documentation/spring/web/plugins/WebMvcRequestHandlerProvider.class]: Unsatisfied dependency expressed through constructor parameter 1; nested exception is org.springframework.beans.factory.BeanCreationException: Error creating bean with name 'requestMappingHandlerMapping' defined in class path resource [org/springframework/boot/autoconfigure/web/servlet/WebMvcAutoConfiguration$EnableWebMvcConfiguration.class]: Invocation of init method failed; nested exception is java.lang.IllegalStateException: Ambiguous mapping. Cannot map 'testController' method 
public java.lang.String cn.xuling.demo.controller.TestController.test()
to { /test}: There is already 'helloController' bean method
public java.lang.String cn.xuling.demo.controller.HelloController.test() mapped.
	at org.springframework.beans.factory.support.ConstructorResolver.createArgumentArray(ConstructorResolver.java:769) ~[spring-beans-5.1.7.RELEASE.jar:5.1.7.RELEASE]
	at org.springframework.beans.factory.support.ConstructorResolver.autowireConstructor(ConstructorResolver.java:218) ~[spring-beans-5.1.7.RELEASE.jar:5.1.7.RELEASE]
	at org.springframework.beans.factory.support.AbstractAutowireCapableBeanFactory.autowireConstructor(AbstractAutowireCapableBeanFactory.java:1341) ~[spring-beans-5.1.7.RELEASE.jar:5.1.7.RELEASE]
	at org.springframework.beans.factory.support.AbstractAutowireCapableBeanFactory.createBeanInstance(AbstractAutowireCapableBeanFactory.java:1187) ~[spring-beans-5.1.7.RELEASE.jar:5.1.7.RELEASE]
	at org.springframework.beans.factory.support.AbstractAutowireCapableBeanFactory.doCreateBean(AbstractAutowireCapableBeanFactory.java:555) ~[spring-beans-5.1.7.RELEASE.jar:5.1.7.RELEASE]
	at org.springframework.beans.factory.support.AbstractAutowireCapableBeanFactory.createBean(AbstractAutowireCapableBeanFactory.java:515) ~[spring-beans-5.1.7.RELEASE.jar:5.1.7.RELEASE]
	at org.springframework.beans.factory.support.AbstractBeanFactory.lambda$doGetBean$0(AbstractBeanFactory.java:320) ~[spring-beans-5.1.7.RELEASE.jar:5.1.7.RELEASE]
	at org.springframework.beans.factory.support.DefaultSingletonBeanRegistry.getSingleton(DefaultSingletonBeanRegistry.java:222) ~[spring-beans-5.1.7.RELEASE.jar:5.1.7.RELEASE]
	at org.springframework.beans.factory.support.AbstractBeanFactory.doGetBean(AbstractBeanFactory.java:318) ~[spring-beans-5.1.7.RELEASE.jar:5.1.7.RELEASE]
	at org.springframework.beans.factory.support.AbstractBeanFactory.getBean(AbstractBeanFactory.java:199) ~[spring-beans-5.1.7.RELEASE.jar:5.1.7.RELEASE]
	at org.springframework.beans.factory.config.DependencyDescriptor.resolveCandidate(DependencyDescriptor.java:277) ~[spring-beans-5.1.7.RELEASE.jar:5.1.7.RELEASE]
	at org.springframework.beans.factory.support.DefaultListableBeanFactory.addCandidateEntry(DefaultListableBeanFactory.java:1464) ~[spring-beans-5.1.7.RELEASE.jar:5.1.7.RELEASE]
	at org.springframework.beans.factory.support.DefaultListableBeanFactory.findAutowireCandidates(DefaultListableBeanFactory.java:1428) ~[spring-beans-5.1.7.RELEASE.jar:5.1.7.RELEASE]
	at org.springframework.beans.factory.support.DefaultListableBeanFactory.resolveMultipleBeans(DefaultListableBeanFactory.java:1319) ~[spring-beans-5.1.7.RELEASE.jar:5.1.7.RELEASE]
	at org.springframework.beans.factory.support.DefaultListableBeanFactory.doResolveDependency(DefaultListableBeanFactory.java:1206) ~[spring-beans-5.1.7.RELEASE.jar:5.1.7.RELEASE]
	at org.springframework.beans.factory.support.DefaultListableBeanFactory.resolveDependency(DefaultListableBeanFactory.java:1168) ~[spring-beans-5.1.7.RELEASE.jar:5.1.7.RELEASE]
	at org.springframework.beans.factory.support.ConstructorResolver.resolveAutowiredArgument(ConstructorResolver.java:857) ~[spring-beans-5.1.7.RELEASE.jar:5.1.7.RELEASE]
	at org.springframework.beans.factory.support.ConstructorResolver.createArgumentArray(ConstructorResolver.java:760) ~[spring-beans-5.1.7.RELEASE.jar:5.1.7.RELEASE]
	... 24 common frames omitted
Caused by: org.springframework.beans.factory.BeanCreationException: Error creating bean with name 'requestMappingHandlerMapping' defined in class path resource [org/springframework/boot/autoconfigure/web/servlet/WebMvcAutoConfiguration$EnableWebMvcConfiguration.class]: Invocation of init method failed; nested exception is java.lang.IllegalStateException: Ambiguous mapping. Cannot map 'testController' method 
public java.lang.String cn.xuling.demo.controller.TestController.test()
to { /test}: There is already 'helloController' bean method
public java.lang.String cn.xuling.demo.controller.HelloController.test() mapped.
	at org.springframework.beans.factory.support.AbstractAutowireCapableBeanFactory.initializeBean(AbstractAutowireCapableBeanFactory.java:1778) ~[spring-beans-5.1.7.RELEASE.jar:5.1.7.RELEASE]
	at org.springframework.beans.factory.support.AbstractAutowireCapableBeanFactory.doCreateBean(AbstractAutowireCapableBeanFactory.java:593) ~[spring-beans-5.1.7.RELEASE.jar:5.1.7.RELEASE]
	at org.springframework.beans.factory.support.AbstractAutowireCapableBeanFactory.createBean(AbstractAutowireCapableBeanFactory.java:515) ~[spring-beans-5.1.7.RELEASE.jar:5.1.7.RELEASE]
	at org.springframework.beans.factory.support.AbstractBeanFactory.lambda$doGetBean$0(AbstractBeanFactory.java:320) ~[spring-beans-5.1.7.RELEASE.jar:5.1.7.RELEASE]
	at org.springframework.beans.factory.support.DefaultSingletonBeanRegistry.getSingleton(DefaultSingletonBeanRegistry.java:222) ~[spring-beans-5.1.7.RELEASE.jar:5.1.7.RELEASE]
	at org.springframework.beans.factory.support.AbstractBeanFactory.doGetBean(AbstractBeanFactory.java:318) ~[spring-beans-5.1.7.RELEASE.jar:5.1.7.RELEASE]
	at org.springframework.beans.factory.support.AbstractBeanFactory.getBean(AbstractBeanFactory.java:199) ~[spring-beans-5.1.7.RELEASE.jar:5.1.7.RELEASE]
	at org.springframework.beans.factory.config.DependencyDescriptor.resolveCandidate(DependencyDescriptor.java:277) ~[spring-beans-5.1.7.RELEASE.jar:5.1.7.RELEASE]
	at org.springframework.beans.factory.support.DefaultListableBeanFactory.addCandidateEntry(DefaultListableBeanFactory.java:1464) ~[spring-beans-5.1.7.RELEASE.jar:5.1.7.RELEASE]
	at org.springframework.beans.factory.support.DefaultListableBeanFactory.findAutowireCandidates(DefaultListableBeanFactory.java:1428) ~[spring-beans-5.1.7.RELEASE.jar:5.1.7.RELEASE]
	at org.springframework.beans.factory.support.DefaultListableBeanFactory.resolveMultipleBeans(DefaultListableBeanFactory.java:1319) ~[spring-beans-5.1.7.RELEASE.jar:5.1.7.RELEASE]
	at org.springframework.beans.factory.support.DefaultListableBeanFactory.doResolveDependency(DefaultListableBeanFactory.java:1206) ~[spring-beans-5.1.7.RELEASE.jar:5.1.7.RELEASE]
	at org.springframework.beans.factory.support.DefaultListableBeanFactory.resolveDependency(DefaultListableBeanFactory.java:1168) ~[spring-beans-5.1.7.RELEASE.jar:5.1.7.RELEASE]
	at org.springframework.beans.factory.support.ConstructorResolver.resolveAutowiredArgument(ConstructorResolver.java:857) ~[spring-beans-5.1.7.RELEASE.jar:5.1.7.RELEASE]
	at org.springframework.beans.factory.support.ConstructorResolver.createArgumentArray(ConstructorResolver.java:760) ~[spring-beans-5.1.7.RELEASE.jar:5.1.7.RELEASE]
	... 41 common frames omitted
Caused by: java.lang.IllegalStateException: Ambiguous mapping. Cannot map 'testController' method 
public java.lang.String cn.xuling.demo.controller.TestController.test()
to { /test}: There is already 'helloController' bean method
public java.lang.String cn.xuling.demo.controller.HelloController.test() mapped.
	at org.springframework.web.servlet.handler.AbstractHandlerMethodMapping$MappingRegistry.assertUniqueMethodMapping(AbstractHandlerMethodMapping.java:618) ~[spring-webmvc-5.1.7.RELEASE.jar:5.1.7.RELEASE]
	at org.springframework.web.servlet.handler.AbstractHandlerMethodMapping$MappingRegistry.register(AbstractHandlerMethodMapping.java:586) ~[spring-webmvc-5.1.7.RELEASE.jar:5.1.7.RELEASE]
	at org.springframework.web.servlet.handler.AbstractHandlerMethodMapping.registerHandlerMethod(AbstractHandlerMethodMapping.java:312) ~[spring-webmvc-5.1.7.RELEASE.jar:5.1.7.RELEASE]
	at org.springframework.web.servlet.handler.AbstractHandlerMethodMapping.lambda$detectHandlerMethods$1(AbstractHandlerMethodMapping.java:282) ~[spring-webmvc-5.1.7.RELEASE.jar:5.1.7.RELEASE]
	at java.util.LinkedHashMap.forEach(LinkedHashMap.java:684) ~[na:1.8.0_181]
	at org.springframework.web.servlet.handler.AbstractHandlerMethodMapping.detectHandlerMethods(AbstractHandlerMethodMapping.java:280) ~[spring-webmvc-5.1.7.RELEASE.jar:5.1.7.RELEASE]
	at org.springframework.web.servlet.handler.AbstractHandlerMethodMapping.processCandidateBean(AbstractHandlerMethodMapping.java:252) ~[spring-webmvc-5.1.7.RELEASE.jar:5.1.7.RELEASE]
	at org.springframework.web.servlet.handler.AbstractHandlerMethodMapping.initHandlerMethods(AbstractHandlerMethodMapping.java:211) ~[spring-webmvc-5.1.7.RELEASE.jar:5.1.7.RELEASE]
	at org.springframework.web.servlet.handler.AbstractHandlerMethodMapping.afterPropertiesSet(AbstractHandlerMethodMapping.java:199) ~[spring-webmvc-5.1.7.RELEASE.jar:5.1.7.RELEASE]
	at org.springframework.web.servlet.mvc.method.annotation.RequestMappingHandlerMapping.afterPropertiesSet(RequestMappingHandlerMapping.java:164) ~[spring-webmvc-5.1.7.RELEASE.jar:5.1.7.RELEASE]
	at org.springframework.beans.factory.support.AbstractAutowireCapableBeanFactory.invokeInitMethods(AbstractAutowireCapableBeanFactory.java:1837) ~[spring-beans-5.1.7.RELEASE.jar:5.1.7.RELEASE]
	at org.springframework.beans.factory.support.AbstractAutowireCapableBeanFactory.initializeBean(AbstractAutowireCapableBeanFactory.java:1774) ~[spring-beans-5.1.7.RELEASE.jar:5.1.7.RELEASE]
	... 55 common frames omitted

2019-06-08 04:27:31.524  INFO 79270 --- [restartedMain] cn.xuling.demo.DemoApplication           : Starting DemoApplication on xulingdeMacBook-Pro.local with PID 79270 (/Users/xuling/Workspace/StudyJava/out/production/classes started by xuling in /Users/xuling/Workspace/StudyJava)
2019-06-08 04:27:31.525  INFO 79270 --- [restartedMain] cn.xuling.demo.DemoApplication           : No active profile set, falling back to default profiles: default
2019-06-08 04:27:32.827  INFO 79270 --- [restartedMain] trationDelegate$BeanPostProcessorChecker : Bean 'org.springframework.transaction.annotation.ProxyTransactionManagementConfiguration' of type [org.springframework.transaction.annotation.ProxyTransactionManagementConfiguration$$EnhancerBySpringCGLIB$$64661f21] is not eligible for getting processed by all BeanPostProcessors (for example: not eligible for auto-proxying)
2019-06-08 04:27:33.022  INFO 79270 --- [restartedMain] o.s.b.w.embedded.tomcat.TomcatWebServer  : Tomcat initialized with port(s): 8000 (http)
2019-06-08 04:27:33.024  INFO 79270 --- [restartedMain] o.apache.catalina.core.StandardService   : Starting service [Tomcat]
2019-06-08 04:27:33.024  INFO 79270 --- [restartedMain] org.apache.catalina.core.StandardEngine  : Starting Servlet engine: [Apache Tomcat/9.0.19]
2019-06-08 04:27:33.178  INFO 79270 --- [restartedMain] o.a.c.c.C.[Tomcat-1].[localhost].[/]     : Initializing Spring embedded WebApplicationContext
2019-06-08 04:27:33.179  INFO 79270 --- [restartedMain] o.s.web.context.ContextLoader            : Root WebApplicationContext: initialization completed in 1651 ms
2019-06-08 04:27:33.615  INFO 79270 --- [restartedMain] pertySourcedRequestMappingHandlerMapping : Mapped URL path [/v2/api-docs] onto method [public org.springframework.http.ResponseEntity<springfox.documentation.spring.web.json.Json> springfox.documentation.swagger2.web.Swagger2Controller.getDocumentation(java.lang.String,javax.servlet.http.HttpServletRequest)]
2019-06-08 04:27:34.129  INFO 79270 --- [restartedMain] o.s.s.concurrent.ThreadPoolTaskExecutor  : Initializing ExecutorService 'applicationTaskExecutor'
2019-06-08 04:27:34.246  INFO 79270 --- [restartedMain] o.s.b.d.a.OptionalLiveReloadServer       : LiveReload server is running on port 35729
2019-06-08 04:27:35.393  INFO 79270 --- [restartedMain] d.s.w.p.DocumentationPluginsBootstrapper : Context refreshed
2019-06-08 04:27:35.398  INFO 79270 --- [restartedMain] d.s.w.p.DocumentationPluginsBootstrapper : Found 1 custom documentation plugin(s)
2019-06-08 04:27:35.838  INFO 79270 --- [restartedMain] s.d.s.w.s.ApiListingReferenceScanner     : Scanning for api listing references
2019-06-08 04:27:36.263  INFO 79270 --- [restartedMain] o.s.b.w.embedded.tomcat.TomcatWebServer  : Tomcat started on port(s): 8000 (http) with context path ''
2019-06-08 04:27:36.273  INFO 79270 --- [restartedMain] cn.xuling.demo.DemoApplication           : Started DemoApplication in 4.817 seconds (JVM running for 965.546)
2019-06-08 04:27:36.279  INFO 79270 --- [restartedMain] .ConditionEvaluationDeltaLoggingListener : Condition evaluation unchanged
2019-06-08 04:27:36.535  INFO 79270 --- [http-nio-8000-exec-10] o.a.c.c.C.[Tomcat-1].[localhost].[/]     : Initializing Spring DispatcherServlet 'dispatcherServlet'
2019-06-08 04:27:36.537  INFO 79270 --- [http-nio-8000-exec-10] o.s.web.servlet.DispatcherServlet        : Initializing Servlet 'dispatcherServlet'
2019-06-08 04:27:36.544  INFO 79270 --- [http-nio-8000-exec-10] o.s.web.servlet.DispatcherServlet        : Completed initialization in 7 ms
2019-06-08 04:28:00.401  INFO 79270 --- [Thread-36] o.s.s.concurrent.ThreadPoolTaskExecutor  : Shutting down ExecutorService 'applicationTaskExecutor'
2019-06-08 04:28:47.220  INFO 79490 --- [Test worker] cn.xuling.demo.DemoApplicationTests      : Starting DemoApplicationTests on xulingdeMacBook-Pro.local with PID 79490 (started by xuling in /Users/xuling/Workspace/StudyJava)
2019-06-08 04:28:47.230  INFO 79490 --- [Test worker] cn.xuling.demo.DemoApplicationTests      : No active profile set, falling back to default profiles: default
2019-06-08 04:28:49.696  INFO 79490 --- [Test worker] trationDelegate$BeanPostProcessorChecker : Bean 'org.springframework.transaction.annotation.ProxyTransactionManagementConfiguration' of type [org.springframework.transaction.annotation.ProxyTransactionManagementConfiguration$$EnhancerBySpringCGLIB$$5030bb54] is not eligible for getting processed by all BeanPostProcessors (for example: not eligible for auto-proxying)
2019-06-08 04:28:50.976  INFO 79490 --- [Test worker] pertySourcedRequestMappingHandlerMapping : Mapped URL path [/v2/api-docs] onto method [public org.springframework.http.ResponseEntity<springfox.documentation.spring.web.json.Json> springfox.documentation.swagger2.web.Swagger2Controller.getDocumentation(java.lang.String,javax.servlet.http.HttpServletRequest)]
2019-06-08 04:28:51.613  INFO 79490 --- [Test worker] o.s.s.concurrent.ThreadPoolTaskExecutor  : Initializing ExecutorService 'applicationTaskExecutor'
2019-06-08 04:28:52.730  INFO 79490 --- [Test worker] d.s.w.p.DocumentationPluginsBootstrapper : Context refreshed
2019-06-08 04:28:52.763  INFO 79490 --- [Test worker] d.s.w.p.DocumentationPluginsBootstrapper : Found 1 custom documentation plugin(s)
2019-06-08 04:28:52.813  INFO 79490 --- [Test worker] s.d.s.w.s.ApiListingReferenceScanner     : Scanning for api listing references
2019-06-08 04:28:53.086  INFO 79490 --- [Test worker] cn.xuling.demo.DemoApplicationTests      : Started DemoApplicationTests in 6.582 seconds (JVM running for 7.973)
2019-06-08 04:28:53.409  INFO 79490 --- [Thread-6] o.s.s.concurrent.ThreadPoolTaskExecutor  : Shutting down ExecutorService 'applicationTaskExecutor'
2019-06-08 04:29:20.321  INFO 79597 --- [main] cn.xuling.demo.DemoApplication           : Starting DemoApplication on xulingdeMacBook-Pro.local with PID 79597 (/Users/xuling/Workspace/StudyJava/build/libs/demo-0.0.1-SNAPSHOT.jar started by xuling in /Users/xuling/Workspace/StudyJava/build/libs)
2019-06-08 04:29:20.326  INFO 79597 --- [main] cn.xuling.demo.DemoApplication           : No active profile set, falling back to default profiles: default
2019-06-08 04:29:22.509  INFO 79597 --- [main] trationDelegate$BeanPostProcessorChecker : Bean 'org.springframework.transaction.annotation.ProxyTransactionManagementConfiguration' of type [org.springframework.transaction.annotation.ProxyTransactionManagementConfiguration$$EnhancerBySpringCGLIB$$837ed5f9] is not eligible for getting processed by all BeanPostProcessors (for example: not eligible for auto-proxying)
2019-06-08 04:29:23.128  INFO 79597 --- [main] o.s.b.w.embedded.tomcat.TomcatWebServer  : Tomcat initialized with port(s): 8000 (http)
2019-06-08 04:29:23.182  INFO 79597 --- [main] o.apache.catalina.core.StandardService   : Starting service [Tomcat]
2019-06-08 04:29:23.183  INFO 79597 --- [main] org.apache.catalina.core.StandardEngine  : Starting Servlet engine: [Apache Tomcat/9.0.19]
2019-06-08 04:29:23.348  INFO 79597 --- [main] o.a.c.c.C.[Tomcat].[localhost].[/]       : Initializing Spring embedded WebApplicationContext
2019-06-08 04:29:23.349  INFO 79597 --- [main] o.s.web.context.ContextLoader            : Root WebApplicationContext: initialization completed in 2456 ms
2019-06-08 04:29:24.234  INFO 79597 --- [main] pertySourcedRequestMappingHandlerMapping : Mapped URL path [/v2/api-docs] onto method [public org.springframework.http.ResponseEntity<springfox.documentation.spring.web.json.Json> springfox.documentation.swagger2.web.Swagger2Controller.getDocumentation(java.lang.String,javax.servlet.http.HttpServletRequest)]
2019-06-08 04:29:24.497  INFO 79597 --- [main] o.s.s.concurrent.ThreadPoolTaskExecutor  : Initializing ExecutorService 'applicationTaskExecutor'
2019-06-08 04:29:25.338  INFO 79597 --- [main] d.s.w.p.DocumentationPluginsBootstrapper : Context refreshed
2019-06-08 04:29:25.377  INFO 79597 --- [main] d.s.w.p.DocumentationPluginsBootstrapper : Found 1 custom documentation plugin(s)
2019-06-08 04:29:25.449  INFO 79597 --- [main] s.d.s.w.s.ApiListingReferenceScanner     : Scanning for api listing references
2019-06-08 04:29:25.804  INFO 79597 --- [main] o.s.b.w.embedded.tomcat.TomcatWebServer  : Tomcat started on port(s): 8000 (http) with context path ''
2019-06-08 04:29:25.809  INFO 79597 --- [main] cn.xuling.demo.DemoApplication           : Started DemoApplication in 6.25 seconds (JVM running for 6.973)
2019-06-08 04:29:37.337  INFO 79597 --- [http-nio-8000-exec-1] o.a.c.c.C.[Tomcat].[localhost].[/]       : Initializing Spring DispatcherServlet 'dispatcherServlet'
2019-06-08 04:29:37.339  INFO 79597 --- [http-nio-8000-exec-1] o.s.web.servlet.DispatcherServlet        : Initializing Servlet 'dispatcherServlet'
2019-06-08 04:29:37.378  INFO 79597 --- [http-nio-8000-exec-1] o.s.web.servlet.DispatcherServlet        : Completed initialization in 38 ms
2019-06-08 05:00:00.373  INFO 79597 --- [Thread-3] o.s.s.concurrent.ThreadPoolTaskExecutor  : Shutting down ExecutorService 'applicationTaskExecutor'
2019-06-08 05:00:20.366  INFO 79884 --- [restartedMain] cn.xuling.demo.DemoApplication           : Starting DemoApplication on xulingdeMacBook-Pro.local with PID 79884 (/Users/xuling/Workspace/StudyJava/out/production/classes started by xuling in /Users/xuling/Workspace/StudyJava)
2019-06-08 05:00:20.368  INFO 79884 --- [restartedMain] cn.xuling.demo.DemoApplication           : No active profile set, falling back to default profiles: default
2019-06-08 05:00:20.886  WARN 79884 --- [background-preinit] o.s.h.c.j.Jackson2ObjectMapperBuilder    : For Jackson Kotlin classes support please add "com.fasterxml.jackson.module:jackson-module-kotlin" to the classpath
2019-06-08 05:00:21.263  INFO 79884 --- [restartedMain] .e.DevToolsPropertyDefaultsPostProcessor : Devtools property defaults active! Set 'spring.devtools.add-properties' to 'false' to disable
2019-06-08 05:00:21.263  INFO 79884 --- [restartedMain] .e.DevToolsPropertyDefaultsPostProcessor : For additional web related logging consider setting the 'logging.level.web' property to 'DEBUG'
2019-06-08 05:00:23.018  INFO 79884 --- [restartedMain] trationDelegate$BeanPostProcessorChecker : Bean 'org.springframework.transaction.annotation.ProxyTransactionManagementConfiguration' of type [org.springframework.transaction.annotation.ProxyTransactionManagementConfiguration$$EnhancerBySpringCGLIB$$c85be90d] is not eligible for getting processed by all BeanPostProcessors (for example: not eligible for auto-proxying)
2019-06-08 05:00:23.678  INFO 79884 --- [restartedMain] o.s.b.w.embedded.tomcat.TomcatWebServer  : Tomcat initialized with port(s): 8000 (http)
2019-06-08 05:00:23.723  INFO 79884 --- [restartedMain] o.apache.catalina.core.StandardService   : Starting service [Tomcat]
2019-06-08 05:00:23.724  INFO 79884 --- [restartedMain] org.apache.catalina.core.StandardEngine  : Starting Servlet engine: [Apache Tomcat/9.0.19]
2019-06-08 05:00:23.931  INFO 79884 --- [restartedMain] o.a.c.c.C.[Tomcat].[localhost].[/]       : Initializing Spring embedded WebApplicationContext
2019-06-08 05:00:23.931  INFO 79884 --- [restartedMain] o.s.web.context.ContextLoader            : Root WebApplicationContext: initialization completed in 2668 ms
2019-06-08 05:00:24.699  INFO 79884 --- [restartedMain] pertySourcedRequestMappingHandlerMapping : Mapped URL path [/v2/api-docs] onto method [public org.springframework.http.ResponseEntity<springfox.documentation.spring.web.json.Json> springfox.documentation.swagger2.web.Swagger2Controller.getDocumentation(java.lang.String,javax.servlet.http.HttpServletRequest)]
2019-06-08 05:00:24.879  INFO 79884 --- [restartedMain] o.s.s.concurrent.ThreadPoolTaskExecutor  : Initializing ExecutorService 'applicationTaskExecutor'
2019-06-08 05:00:24.962  INFO 79884 --- [restartedMain] o.s.b.d.a.OptionalLiveReloadServer       : LiveReload server is running on port 35729
2019-06-08 05:00:25.728  INFO 79884 --- [restartedMain] d.s.w.p.DocumentationPluginsBootstrapper : Context refreshed
2019-06-08 05:00:25.760  INFO 79884 --- [restartedMain] d.s.w.p.DocumentationPluginsBootstrapper : Found 1 custom documentation plugin(s)
2019-06-08 05:00:25.808  INFO 79884 --- [restartedMain] s.d.s.w.s.ApiListingReferenceScanner     : Scanning for api listing references
2019-06-08 05:00:26.119  INFO 79884 --- [restartedMain] o.s.b.w.embedded.tomcat.TomcatWebServer  : Tomcat started on port(s): 8000 (http) with context path ''
2019-06-08 05:00:26.124  INFO 79884 --- [restartedMain] cn.xuling.demo.DemoApplication           : Started DemoApplication in 6.779 seconds (JVM running for 8.884)
2019-06-08 05:02:20.251  INFO 79884 --- [http-nio-8000-exec-1] o.a.c.c.C.[Tomcat].[localhost].[/]       : Initializing Spring DispatcherServlet 'dispatcherServlet'
2019-06-08 05:02:20.252  INFO 79884 --- [http-nio-8000-exec-1] o.s.web.servlet.DispatcherServlet        : Initializing Servlet 'dispatcherServlet'
2019-06-08 05:02:20.264  INFO 79884 --- [http-nio-8000-exec-1] o.s.web.servlet.DispatcherServlet        : Completed initialization in 12 ms
2019-06-08 05:04:10.738  INFO 79884 --- [Thread-17] o.s.s.concurrent.ThreadPoolTaskExecutor  : Shutting down ExecutorService 'applicationTaskExecutor'
2019-06-08 05:04:11.404  INFO 79884 --- [restartedMain] cn.xuling.demo.DemoApplication           : Starting DemoApplication on xulingdeMacBook-Pro.local with PID 79884 (/Users/xuling/Workspace/StudyJava/out/production/classes started by xuling in /Users/xuling/Workspace/StudyJava)
2019-06-08 05:04:11.405  INFO 79884 --- [restartedMain] cn.xuling.demo.DemoApplication           : No active profile set, falling back to default profiles: default
2019-06-08 05:04:12.219  INFO 79884 --- [restartedMain] trationDelegate$BeanPostProcessorChecker : Bean 'org.springframework.transaction.annotation.ProxyTransactionManagementConfiguration' of type [org.springframework.transaction.annotation.ProxyTransactionManagementConfiguration$$EnhancerBySpringCGLIB$$c85be90d] is not eligible for getting processed by all BeanPostProcessors (for example: not eligible for auto-proxying)
2019-06-08 05:04:12.325  INFO 79884 --- [restartedMain] o.s.b.w.embedded.tomcat.TomcatWebServer  : Tomcat initialized with port(s): 8000 (http)
2019-06-08 05:04:12.327  INFO 79884 --- [restartedMain] o.apache.catalina.core.StandardService   : Starting service [Tomcat]
2019-06-08 05:04:12.327  INFO 79884 --- [restartedMain] org.apache.catalina.core.StandardEngine  : Starting Servlet engine: [Apache Tomcat/9.0.19]
2019-06-08 05:04:12.342  INFO 79884 --- [restartedMain] o.a.c.c.C.[Tomcat].[localhost].[/]       : Initializing Spring embedded WebApplicationContext
2019-06-08 05:04:12.342  INFO 79884 --- [restartedMain] o.s.web.context.ContextLoader            : Root WebApplicationContext: initialization completed in 934 ms
2019-06-08 05:04:12.688  INFO 79884 --- [restartedMain] pertySourcedRequestMappingHandlerMapping : Mapped URL path [/v2/api-docs] onto method [public org.springframework.http.ResponseEntity<springfox.documentation.spring.web.json.Json> springfox.documentation.swagger2.web.Swagger2Controller.getDocumentation(java.lang.String,javax.servlet.http.HttpServletRequest)]
2019-06-08 05:04:12.798  INFO 79884 --- [restartedMain] o.s.s.concurrent.ThreadPoolTaskExecutor  : Initializing ExecutorService 'applicationTaskExecutor'
2019-06-08 05:04:12.816  INFO 79884 --- [restartedMain] o.s.b.d.a.OptionalLiveReloadServer       : LiveReload server is running on port 35729
2019-06-08 05:04:13.010  INFO 79884 --- [restartedMain] d.s.w.p.DocumentationPluginsBootstrapper : Context refreshed
2019-06-08 05:04:13.012  INFO 79884 --- [restartedMain] d.s.w.p.DocumentationPluginsBootstrapper : Found 1 custom documentation plugin(s)
2019-06-08 05:04:13.030  INFO 79884 --- [restartedMain] s.d.s.w.s.ApiListingReferenceScanner     : Scanning for api listing references
2019-06-08 05:04:13.223  INFO 79884 --- [restartedMain] o.s.b.w.embedded.tomcat.TomcatWebServer  : Tomcat started on port(s): 8000 (http) with context path ''
2019-06-08 05:04:13.226  INFO 79884 --- [restartedMain] cn.xuling.demo.DemoApplication           : Started DemoApplication in 2.021 seconds (JVM running for 235.986)
2019-06-08 05:04:13.233  INFO 79884 --- [restartedMain] .ConditionEvaluationDeltaLoggingListener : Condition evaluation unchanged
2019-06-08 05:07:36.800  INFO 79884 --- [Thread-28] o.s.s.concurrent.ThreadPoolTaskExecutor  : Shutting down ExecutorService 'applicationTaskExecutor'
2019-06-08 05:07:37.561  INFO 79884 --- [restartedMain] cn.xuling.demo.DemoApplication           : Starting DemoApplication on xulingdeMacBook-Pro.local with PID 79884 (/Users/xuling/Workspace/StudyJava/out/production/classes started by xuling in /Users/xuling/Workspace/StudyJava)
2019-06-08 05:07:37.562  INFO 79884 --- [restartedMain] cn.xuling.demo.DemoApplication           : No active profile set, falling back to default profiles: default
2019-06-08 05:07:38.802  INFO 79884 --- [restartedMain] trationDelegate$BeanPostProcessorChecker : Bean 'org.springframework.transaction.annotation.ProxyTransactionManagementConfiguration' of type [org.springframework.transaction.annotation.ProxyTransactionManagementConfiguration$$EnhancerBySpringCGLIB$$c85be90d] is not eligible for getting processed by all BeanPostProcessors (for example: not eligible for auto-proxying)
2019-06-08 05:07:38.935  INFO 79884 --- [restartedMain] o.s.b.w.embedded.tomcat.TomcatWebServer  : Tomcat initialized with port(s): 8000 (http)
2019-06-08 05:07:38.937  INFO 79884 --- [restartedMain] o.apache.catalina.core.StandardService   : Starting service [Tomcat]
2019-06-08 05:07:38.937  INFO 79884 --- [restartedMain] org.apache.catalina.core.StandardEngine  : Starting Servlet engine: [Apache Tomcat/9.0.19]
2019-06-08 05:07:38.964  INFO 79884 --- [restartedMain] o.a.c.c.C.[Tomcat].[localhost].[/]       : Initializing Spring embedded WebApplicationContext
2019-06-08 05:07:38.964  INFO 79884 --- [restartedMain] o.s.web.context.ContextLoader            : Root WebApplicationContext: initialization completed in 1393 ms
2019-06-08 05:07:39.368  INFO 79884 --- [restartedMain] pertySourcedRequestMappingHandlerMapping : Mapped URL path [/v2/api-docs] onto method [public org.springframework.http.ResponseEntity<springfox.documentation.spring.web.json.Json> springfox.documentation.swagger2.web.Swagger2Controller.getDocumentation(java.lang.String,javax.servlet.http.HttpServletRequest)]
2019-06-08 05:07:39.482  INFO 79884 --- [restartedMain] o.s.s.concurrent.ThreadPoolTaskExecutor  : Initializing ExecutorService 'applicationTaskExecutor'
2019-06-08 05:07:39.501  INFO 79884 --- [restartedMain] o.s.b.d.a.OptionalLiveReloadServer       : LiveReload server is running on port 35729
2019-06-08 05:07:39.675  INFO 79884 --- [restartedMain] d.s.w.p.DocumentationPluginsBootstrapper : Context refreshed
2019-06-08 05:07:39.677  INFO 79884 --- [restartedMain] d.s.w.p.DocumentationPluginsBootstrapper : Found 1 custom documentation plugin(s)
2019-06-08 05:07:39.688  INFO 79884 --- [restartedMain] s.d.s.w.s.ApiListingReferenceScanner     : Scanning for api listing references
2019-06-08 05:07:39.778  INFO 79884 --- [restartedMain] o.s.b.w.embedded.tomcat.TomcatWebServer  : Tomcat started on port(s): 8000 (http) with context path ''
2019-06-08 05:07:39.780  INFO 79884 --- [restartedMain] cn.xuling.demo.DemoApplication           : Started DemoApplication in 2.417 seconds (JVM running for 442.539)
2019-06-08 05:07:39.784  INFO 79884 --- [restartedMain] .ConditionEvaluationDeltaLoggingListener : Condition evaluation unchanged
2019-06-08 11:30:45.006  INFO 79884 --- [http-nio-8000-exec-1] o.a.c.c.C.[Tomcat].[localhost].[/]       : Initializing Spring DispatcherServlet 'dispatcherServlet'
2019-06-08 11:30:45.012  INFO 79884 --- [http-nio-8000-exec-1] o.s.web.servlet.DispatcherServlet        : Initializing Servlet 'dispatcherServlet'
2019-06-08 11:30:45.040  INFO 79884 --- [http-nio-8000-exec-1] o.s.web.servlet.DispatcherServlet        : Completed initialization in 27 ms
2019-06-08 12:19:02.506  INFO 79884 --- [Thread-34] o.s.s.concurrent.ThreadPoolTaskExecutor  : Shutting down ExecutorService 'applicationTaskExecutor'
